[2025-09-01 13:54:50] local.ERROR: There are no commands defined in the "breeze" namespace. {"exception":"[object] (Symfony\\Component\\Console\\Exception\\NamespaceNotFoundException(code: 0): There are no commands defined in the \"breeze\" namespace. at C:\\xampp\\htdocs\\laravel-log-in\\laravel-form\\vendor\\symfony\\console\\Application.php:677)
[stacktrace]
#0 C:\\xampp\\htdocs\\laravel-log-in\\laravel-form\\vendor\\symfony\\console\\Application.php(726): Symfony\\Component\\Console\\Application->findNamespace('breeze')
#1 C:\\xampp\\htdocs\\laravel-log-in\\laravel-form\\vendor\\symfony\\console\\Application.php(301): Symfony\\Component\\Console\\Application->find('breeze:install')
#2 C:\\xampp\\htdocs\\laravel-log-in\\laravel-form\\vendor\\symfony\\console\\Application.php(194): Symfony\\Component\\Console\\Application->doRun(Object(Symfony\\Component\\Console\\Input\\ArgvInput), Object(Symfony\\Component\\Console\\Output\\ConsoleOutput))
#3 C:\\xampp\\htdocs\\laravel-log-in\\laravel-form\\vendor\\laravel\\framework\\src\\Illuminate\\Foundation\\Console\\Kernel.php(197): Symfony\\Component\\Console\\Application->run(Object(Symfony\\Component\\Console\\Input\\ArgvInput), Object(Symfony\\Component\\Console\\Output\\ConsoleOutput))
#4 C:\\xampp\\htdocs\\laravel-log-in\\laravel-form\\vendor\\laravel\\framework\\src\\Illuminate\\Foundation\\Application.php(1234): Illuminate\\Foundation\\Console\\Kernel->handle(Object(Symfony\\Component\\Console\\Input\\ArgvInput), Object(Symfony\\Component\\Console\\Output\\ConsoleOutput))
#5 C:\\xampp\\htdocs\\laravel-log-in\\laravel-form\\artisan(16): Illuminate\\Foundation\\Application->handleCommand(Object(Symfony\\Component\\Console\\Input\\ArgvInput))
#6 {main}
"} 
[2025-09-01 14:02:19] local.ERROR: There are no commands defined in the "breeze" namespace. {"exception":"[object] (Symfony\\Component\\Console\\Exception\\NamespaceNotFoundException(code: 0): There are no commands defined in the \"breeze\" namespace. at C:\\xampp\\htdocs\\laravel-log-in\\laravel-form\\vendor\\symfony\\console\\Application.php:677)
[stacktrace]
#0 C:\\xampp\\htdocs\\laravel-log-in\\laravel-form\\vendor\\symfony\\console\\Application.php(726): Symfony\\Component\\Console\\Application->findNamespace('breeze')
#1 C:\\xampp\\htdocs\\laravel-log-in\\laravel-form\\vendor\\symfony\\console\\Application.php(301): Symfony\\Component\\Console\\Application->find('breeze:install')
#2 C:\\xampp\\htdocs\\laravel-log-in\\laravel-form\\vendor\\symfony\\console\\Application.php(194): Symfony\\Component\\Console\\Application->doRun(Object(Symfony\\Component\\Console\\Input\\ArgvInput), Object(Symfony\\Component\\Console\\Output\\ConsoleOutput))
#3 C:\\xampp\\htdocs\\laravel-log-in\\laravel-form\\vendor\\laravel\\framework\\src\\Illuminate\\Foundation\\Console\\Kernel.php(197): Symfony\\Component\\Console\\Application->run(Object(Symfony\\Component\\Console\\Input\\ArgvInput), Object(Symfony\\Component\\Console\\Output\\ConsoleOutput))
#4 C:\\xampp\\htdocs\\laravel-log-in\\laravel-form\\vendor\\laravel\\framework\\src\\Illuminate\\Foundation\\Application.php(1234): Illuminate\\Foundation\\Console\\Kernel->handle(Object(Symfony\\Component\\Console\\Input\\ArgvInput), Object(Symfony\\Component\\Console\\Output\\ConsoleOutput))
#5 C:\\xampp\\htdocs\\laravel-log-in\\laravel-form\\artisan(16): Illuminate\\Foundation\\Application->handleCommand(Object(Symfony\\Component\\Console\\Input\\ArgvInput))
#6 {main}
"} 
